# JRE version: OpenJDK Runtime Environment Temurin-17.0.11+9 (17.0.11+9) (build 17.0.11+9)
# Java VM: OpenJDK 64-Bit Server VM Temurin-17.0.11+9 (17.0.11+9, mixed mode, emulated-client, tiered, compressed oops, compressed class ptrs, g1 gc, windows-amd64)
GC Precious Log:
 CPUs: 12 total, 12 available
 Memory: 14188M
 Large Page Support: Disabled
 NUMA Support: Disabled
 Compressed Oops: Enabled (32-bit)
 Heap Region Size: 1M
 Heap Min Capacity: 8M
 Heap Initial Capacity: 222M
 Heap Max Capacity: 1G
 Pre-touch: Disabled
 Parallel Workers: 10
 Concurrent Workers: 3
 Concurrent Refinement Workers: 10
 Periodic GC: Disabled
Heap:
 garbage-first heap   total 101376K, used 40471K [0x00000000c0000000, 0x0000000100000000)
  region size 1024K, 1 young (1024K), 0 survivors (0K)
 Metaspace       used 59403K, committed 60032K, reserved 1114112K
  class space    used 7381K, committed 7680K, reserved 1048576K
GC Heap History (20 events):
Event: 20288.362 GC heap before
{Heap before GC invocations=883 (full 863):
 garbage-first heap   total 101376K, used 40471K [0x00000000c0000000, 0x0000000100000000)
  region size 1024K, 1 young (1024K), 0 survivors (0K)
 Metaspace       used 59403K, committed 60032K, reserved 1114112K
  class space    used 7381K, committed 7680K, reserved 1048576K
}
Event: 20288.423 GC heap after
{Heap after GC invocations=884 (full 864):
 garbage-first heap   total 101376K, used 40471K [0x00000000c0000000, 0x0000000100000000)
  region size 1024K, 0 young (0K), 0 survivors (0K)
 Metaspace       used 59403K, committed 60032K, reserved 1114112K
  class space    used 7381K, committed 7680K, reserved 1048576K
}
Event: 20298.656 GC heap before
{Heap before GC invocations=884 (full 864):
 garbage-first heap   total 101376K, used 40471K [0x00000000c0000000, 0x0000000100000000)
  region size 1024K, 1 young (1024K), 0 survivors (0K)
 Metaspace       used 59403K, committed 60032K, reserved 1114112K
  class space    used 7381K, committed 7680K, reserved 1048576K
}
Event: 20298.713 GC heap after
{Heap after GC invocations=885 (full 865):
 garbage-first heap   total 101376K, used 40471K [0x00000000c0000000, 0x0000000100000000)
  region size 1024K, 0 young (0K), 0 survivors (0K)
 Metaspace       used 59403K, committed 60032K, reserved 1114112K
  class space    used 7381K, committed 7680K, reserved 1048576K
}
Event: 20308.940 GC heap before
{Heap before GC invocations=885 (full 865):
 garbage-first heap   total 101376K, used 40471K [0x00000000c0000000, 0x0000000100000000)
  region size 1024K, 1 young (1024K), 0 survivors (0K)
 Metaspace       used 59403K, committed 60032K, reserved 1114112K
  class space    used 7381K, committed 7680K, reserved 1048576K
}
Event: 20308.994 GC heap after
{Heap after GC invocations=886 (full 866):
 garbage-first heap   total 101376K, used 40471K [0x00000000c0000000, 0x0000000100000000)
  region size 1024K, 0 young (0K), 0 survivors (0K)
 Metaspace       used 59403K, committed 60032K, reserved 1114112K
  class space    used 7381K, committed 7680K, reserved 1048576K
}
Event: 20319.234 GC heap before
{Heap before GC invocations=886 (full 866):
 garbage-first heap   total 101376K, used 40471K [0x00000000c0000000, 0x0000000100000000)
  region size 1024K, 1 young (1024K), 0 survivors (0K)
 Metaspace       used 59403K, committed 60032K, reserved 1114112K
  class space    used 7381K, committed 7680K, reserved 1048576K
}
Event: 20319.288 GC heap after
{Heap after GC invocations=887 (full 867):
 garbage-first heap   total 101376K, used 40471K [0x00000000c0000000, 0x0000000100000000)
  region size 1024K, 0 young (0K), 0 survivors (0K)
 Metaspace       used 59403K, committed 60032K, reserved 1114112K
  class space    used 7381K, committed 7680K, reserved 1048576K
}
Event: 20329.521 GC heap before
{Heap before GC invocations=887 (full 867):
 garbage-first heap   total 101376K, used 40471K [0x00000000c0000000, 0x0000000100000000)
  region size 1024K, 1 young (1024K), 0 survivors (0K)
 Metaspace       used 59403K, committed 60032K, reserved 1114112K
  class space    used 7381K, committed 7680K, reserved 1048576K
}
Event: 20329.577 GC heap after
{Heap after GC invocations=888 (full 868):
 garbage-first heap   total 101376K, used 40471K [0x00000000c0000000, 0x0000000100000000)
  region size 1024K, 0 young (0K), 0 survivors (0K)
 Metaspace       used 59403K, committed 60032K, reserved 1114112K
  class space    used 7381K, committed 7680K, reserved 1048576K
}
Event: 20339.802 GC heap before
{Heap before GC invocations=888 (full 868):
 garbage-first heap   total 101376K, used 40471K [0x00000000c0000000, 0x0000000100000000)
  region size 1024K, 1 young (1024K), 0 survivors (0K)
 Metaspace       used 59403K, committed 60032K, reserved 1114112K
  class space    used 7381K, committed 7680K, reserved 1048576K
}
Event: 20339.855 GC heap after
{Heap after GC invocations=889 (full 869):
 garbage-first heap   total 101376K, used 40471K [0x00000000c0000000, 0x0000000100000000)
  region size 1024K, 0 young (0K), 0 survivors (0K)
 Metaspace       used 59403K, committed 60032K, reserved 1114112K
  class space    used 7381K, committed 7680K, reserved 1048576K
}
Event: 20350.132 GC heap before
{Heap before GC invocations=889 (full 869):
 garbage-first heap   total 101376K, used 40471K [0x00000000c0000000, 0x0000000100000000)
  region size 1024K, 1 young (1024K), 0 survivors (0K)
 Metaspace       used 59403K, committed 60032K, reserved 1114112K
  class space    used 7381K, committed 7680K, reserved 1048576K
}
Event: 20350.186 GC heap after
{Heap after GC invocations=890 (full 870):
 garbage-first heap   total 101376K, used 40471K [0x00000000c0000000, 0x0000000100000000)
  region size 1024K, 0 young (0K), 0 survivors (0K)
 Metaspace       used 59403K, committed 60032K, reserved 1114112K
  class space    used 7381K, committed 7680K, reserved 1048576K
}
Event: 20360.447 GC heap before
{Heap before GC invocations=890 (full 870):
 garbage-first heap   total 101376K, used 40471K [0x00000000c0000000, 0x0000000100000000)
  region size 1024K, 1 young (1024K), 0 survivors (0K)
 Metaspace       used 59403K, committed 60032K, reserved 1114112K
  class space    used 7381K, committed 7680K, reserved 1048576K
}
Event: 20360.506 GC heap after
{Heap after GC invocations=891 (full 871):
 garbage-first heap   total 101376K, used 40471K [0x00000000c0000000, 0x0000000100000000)
  region size 1024K, 0 young (0K), 0 survivors (0K)
 Metaspace       used 59403K, committed 60032K, reserved 1114112K
  class space    used 7381K, committed 7680K, reserved 1048576K
}
Event: 20370.757 GC heap before
{Heap before GC invocations=891 (full 871):
 garbage-first heap   total 101376K, used 40471K [0x00000000c0000000, 0x0000000100000000)
  region size 1024K, 1 young (1024K), 0 survivors (0K)
 Metaspace       used 59403K, committed 60032K, reserved 1114112K
  class space    used 7381K, committed 7680K, reserved 1048576K
}
Event: 20370.815 GC heap after
{Heap after GC invocations=892 (full 872):
 garbage-first heap   total 101376K, used 40471K [0x00000000c0000000, 0x0000000100000000)
  region size 1024K, 0 young (0K), 0 survivors (0K)
 Metaspace       used 59403K, committed 60032K, reserved 1114112K
  class space    used 7381K, committed 7680K, reserved 1048576K
}
Event: 20381.070 GC heap before
{Heap before GC invocations=892 (full 872):
 garbage-first heap   total 101376K, used 40471K [0x00000000c0000000, 0x0000000100000000)
  region size 1024K, 1 young (1024K), 0 survivors (0K)
 Metaspace       used 59403K, committed 60032K, reserved 1114112K
  class space    used 7381K, committed 7680K, reserved 1048576K
}
Event: 20381.125 GC heap after
{Heap after GC invocations=893 (full 873):
 garbage-first heap   total 101376K, used 40471K [0x00000000c0000000, 0x0000000100000000)
  region size 1024K, 0 young (0K), 0 survivors (0K)
 Metaspace       used 59403K, committed 60032K, reserved 1114112K
  class space    used 7381K, committed 7680K, reserved 1048576K
}

