# JRE version: OpenJDK Runtime Environment Temurin-17.0.11+9 (17.0.11+9) (build 17.0.11+9)
# Java VM: OpenJDK 64-Bit Server VM Temurin-17.0.11+9 (17.0.11+9, mixed mode, emulated-client, tiered, compressed oops, compressed class ptrs, g1 gc, windows-amd64)
GC Precious Log:
 CPUs: 12 total, 12 available
 Memory: 14188M
 Large Page Support: Disabled
 NUMA Support: Disabled
 Compressed Oops: Enabled (32-bit)
 Heap Region Size: 1M
 Heap Min Capacity: 8M
 Heap Initial Capacity: 222M
 Heap Max Capacity: 1G
 Pre-touch: Disabled
 Parallel Workers: 10
 Concurrent Workers: 3
 Concurrent Refinement Workers: 10
 Periodic GC: Disabled
Heap:
 garbage-first heap   total 86016K, used 24691K [0x00000000c0000000, 0x0000000100000000)
  region size 1024K, 1 young (1024K), 0 survivors (0K)
 Metaspace       used 39327K, committed 39872K, reserved 1114112K
  class space    used 5205K, committed 5440K, reserved 1048576K
GC Heap History (20 events):
Event: 1001.291 GC heap before
{Heap before GC invocations=102 (full 93):
 garbage-first heap   total 86016K, used 24632K [0x00000000c0000000, 0x0000000100000000)
  region size 1024K, 1 young (1024K), 0 survivors (0K)
 Metaspace       used 39304K, committed 39872K, reserved 1114112K
  class space    used 5199K, committed 5440K, reserved 1048576K
}
Event: 1001.323 GC heap after
{Heap after GC invocations=103 (full 94):
 garbage-first heap   total 86016K, used 24632K [0x00000000c0000000, 0x0000000100000000)
  region size 1024K, 0 young (0K), 0 survivors (0K)
 Metaspace       used 39304K, committed 39872K, reserved 1114112K
  class space    used 5199K, committed 5440K, reserved 1048576K
}
Event: 1051.645 GC heap before
{Heap before GC invocations=103 (full 94):
 garbage-first heap   total 86016K, used 26680K [0x00000000c0000000, 0x0000000100000000)
  region size 1024K, 3 young (3072K), 0 survivors (0K)
 Metaspace       used 39332K, committed 39872K, reserved 1114112K
  class space    used 5207K, committed 5440K, reserved 1048576K
}
Event: 1051.678 GC heap after
{Heap after GC invocations=104 (full 95):
 garbage-first heap   total 86016K, used 25004K [0x00000000c0000000, 0x0000000100000000)
  region size 1024K, 0 young (0K), 0 survivors (0K)
 Metaspace       used 39332K, committed 39872K, reserved 1114112K
  class space    used 5207K, committed 5440K, reserved 1048576K
}
Event: 1061.969 GC heap before
{Heap before GC invocations=104 (full 95):
 garbage-first heap   total 86016K, used 25004K [0x00000000c0000000, 0x0000000100000000)
  region size 1024K, 1 young (1024K), 0 survivors (0K)
 Metaspace       used 39332K, committed 39872K, reserved 1114112K
  class space    used 5207K, committed 5440K, reserved 1048576K
}
Event: 1062.003 GC heap after
{Heap after GC invocations=105 (full 96):
 garbage-first heap   total 86016K, used 25004K [0x00000000c0000000, 0x0000000100000000)
  region size 1024K, 0 young (0K), 0 survivors (0K)
 Metaspace       used 39332K, committed 39872K, reserved 1114112K
  class space    used 5207K, committed 5440K, reserved 1048576K
}
Event: 1072.283 GC heap before
{Heap before GC invocations=105 (full 96):
 garbage-first heap   total 86016K, used 25004K [0x00000000c0000000, 0x0000000100000000)
  region size 1024K, 1 young (1024K), 0 survivors (0K)
 Metaspace       used 39332K, committed 39872K, reserved 1114112K
  class space    used 5207K, committed 5440K, reserved 1048576K
}
Event: 1072.319 GC heap after
{Heap after GC invocations=106 (full 97):
 garbage-first heap   total 86016K, used 24693K [0x00000000c0000000, 0x0000000100000000)
  region size 1024K, 0 young (0K), 0 survivors (0K)
 Metaspace       used 39327K, committed 39872K, reserved 1114112K
  class space    used 5205K, committed 5440K, reserved 1048576K
}
Event: 1082.605 GC heap before
{Heap before GC invocations=106 (full 97):
 garbage-first heap   total 86016K, used 24693K [0x00000000c0000000, 0x0000000100000000)
  region size 1024K, 1 young (1024K), 0 survivors (0K)
 Metaspace       used 39327K, committed 39872K, reserved 1114112K
  class space    used 5205K, committed 5440K, reserved 1048576K
}
Event: 1082.638 GC heap after
{Heap after GC invocations=107 (full 98):
 garbage-first heap   total 86016K, used 24690K [0x00000000c0000000, 0x0000000100000000)
  region size 1024K, 0 young (0K), 0 survivors (0K)
 Metaspace       used 39327K, committed 39872K, reserved 1114112K
  class space    used 5205K, committed 5440K, reserved 1048576K
}
Event: 1092.926 GC heap before
{Heap before GC invocations=107 (full 98):
 garbage-first heap   total 86016K, used 24690K [0x00000000c0000000, 0x0000000100000000)
  region size 1024K, 1 young (1024K), 0 survivors (0K)
 Metaspace       used 39327K, committed 39872K, reserved 1114112K
  class space    used 5205K, committed 5440K, reserved 1048576K
}
Event: 1092.959 GC heap after
{Heap after GC invocations=108 (full 99):
 garbage-first heap   total 86016K, used 24690K [0x00000000c0000000, 0x0000000100000000)
  region size 1024K, 0 young (0K), 0 survivors (0K)
 Metaspace       used 39327K, committed 39872K, reserved 1114112K
  class space    used 5205K, committed 5440K, reserved 1048576K
}
Event: 1103.232 GC heap before
{Heap before GC invocations=108 (full 99):
 garbage-first heap   total 86016K, used 24690K [0x00000000c0000000, 0x0000000100000000)
  region size 1024K, 1 young (1024K), 0 survivors (0K)
 Metaspace       used 39327K, committed 39872K, reserved 1114112K
  class space    used 5205K, committed 5440K, reserved 1048576K
}
Event: 1103.260 GC heap after
{Heap after GC invocations=109 (full 100):
 garbage-first heap   total 86016K, used 24690K [0x00000000c0000000, 0x0000000100000000)
  region size 1024K, 0 young (0K), 0 survivors (0K)
 Metaspace       used 39327K, committed 39872K, reserved 1114112K
  class space    used 5205K, committed 5440K, reserved 1048576K
}
Event: 1143.547 GC heap before
{Heap before GC invocations=109 (full 100):
 garbage-first heap   total 86016K, used 24690K [0x00000000c0000000, 0x0000000100000000)
  region size 1024K, 1 young (1024K), 0 survivors (0K)
 Metaspace       used 39327K, committed 39872K, reserved 1114112K
  class space    used 5205K, committed 5440K, reserved 1048576K
}
Event: 1143.582 GC heap after
{Heap after GC invocations=110 (full 101):
 garbage-first heap   total 86016K, used 24690K [0x00000000c0000000, 0x0000000100000000)
  region size 1024K, 0 young (0K), 0 survivors (0K)
 Metaspace       used 39327K, committed 39872K, reserved 1114112K
  class space    used 5205K, committed 5440K, reserved 1048576K
}
Event: 1153.792 GC heap before
{Heap before GC invocations=110 (full 101):
 garbage-first heap   total 86016K, used 24690K [0x00000000c0000000, 0x0000000100000000)
  region size 1024K, 1 young (1024K), 0 survivors (0K)
 Metaspace       used 39327K, committed 39872K, reserved 1114112K
  class space    used 5205K, committed 5440K, reserved 1048576K
}
Event: 1153.822 GC heap after
{Heap after GC invocations=111 (full 102):
 garbage-first heap   total 86016K, used 24690K [0x00000000c0000000, 0x0000000100000000)
  region size 1024K, 0 young (0K), 0 survivors (0K)
 Metaspace       used 39327K, committed 39872K, reserved 1114112K
  class space    used 5205K, committed 5440K, reserved 1048576K
}
Event: 1164.078 GC heap before
{Heap before GC invocations=111 (full 102):
 garbage-first heap   total 86016K, used 24690K [0x00000000c0000000, 0x0000000100000000)
  region size 1024K, 1 young (1024K), 0 survivors (0K)
 Metaspace       used 39327K, committed 39872K, reserved 1114112K
  class space    used 5205K, committed 5440K, reserved 1048576K
}
Event: 1164.107 GC heap after
{Heap after GC invocations=112 (full 103):
 garbage-first heap   total 86016K, used 24691K [0x00000000c0000000, 0x0000000100000000)
  region size 1024K, 0 young (0K), 0 survivors (0K)
 Metaspace       used 39327K, committed 39872K, reserved 1114112K
  class space    used 5205K, committed 5440K, reserved 1048576K
}

